# JRE version: Java(TM) SE Runtime Environment (8.0_77-b03) (build 1.8.0_77-b03)
# Java VM: Java HotSpot(TM) 64-Bit Server VM (25.77-b03 mixed mode windows-amd64 compressed oops)
Heap:
 PSYoungGen      total 47104K, used 35293K [0x00000000d5f00000, 0x00000000d9d80000, 0x0000000100000000)
  eden space 31232K, 62% used [0x00000000d5f00000,0x00000000d71f74e0,0x00000000d7d80000)
  from space 15872K, 100% used [0x00000000d7d80000,0x00000000d8d00000,0x00000000d8d00000)
  to   space 14336K, 0% used [0x00000000d8d00000,0x00000000d8d00000,0x00000000d9b00000)
 ParOldGen       total 87552K, used 51850K [0x0000000081c00000, 0x0000000087180000, 0x00000000d5f00000)
  object space 87552K, 59% used [0x0000000081c00000,0x0000000084ea2960,0x0000000087180000)
 Metaspace       used 9358K, capacity 9534K, committed 9728K, reserved 1058816K
  class space    used 1144K, capacity 1219K, committed 1280K, reserved 1048576K
GC Heap History (10 events):
Event: 5.533 GC heap before
{Heap before GC invocations=5 (full 0):
 PSYoungGen      total 38400K, used 38384K [0x00000000d5f00000, 0x00000000d8980000, 0x0000000100000000)
  eden space 33280K, 100% used [0x00000000d5f00000,0x00000000d7f80000,0x00000000d7f80000)
  from space 5120K, 99% used [0x00000000d8480000,0x00000000d897c010,0x00000000d8980000)
  to   space 5120K, 0% used [0x00000000d7f80000,0x00000000d7f80000,0x00000000d8480000)
 ParOldGen       total 87552K, used 23692K [0x0000000081c00000, 0x0000000087180000, 0x00000000d5f00000)
  object space 87552K, 27% used [0x0000000081c00000,0x0000000083323240,0x0000000087180000)
 Metaspace       used 9354K, capacity 9534K, committed 9728K, reserved 1058816K
  class space    used 1144K, capacity 1219K, committed 1280K, reserved 1048576K
Event: 5.539 GC heap after
Heap after GC invocations=5 (full 0):
 PSYoungGen      total 37888K, used 5120K [0x00000000d5f00000, 0x00000000d9b00000, 0x0000000100000000)
  eden space 32768K, 0% used [0x00000000d5f00000,0x00000000d5f00000,0x00000000d7f00000)
  from space 5120K, 100% used [0x00000000d7f80000,0x00000000d8480000,0x00000000d8480000)
  to   space 14336K, 0% used [0x00000000d8d00000,0x00000000d8d00000,0x00000000d9b00000)
 ParOldGen       total 87552K, used 30644K [0x0000000081c00000, 0x0000000087180000, 0x00000000d5f00000)
  object space 87552K, 35% used [0x0000000081c00000,0x00000000839ed210,0x0000000087180000)
 Metaspace       used 9354K, capacity 9534K, committed 9728K, reserved 1058816K
  class space    used 1144K, capacity 1219K, committed 1280K, reserved 1048576K
}
Event: 5.976 GC heap before
{Heap before GC invocations=6 (full 0):
 PSYoungGen      total 37888K, used 37888K [0x00000000d5f00000, 0x00000000d9b00000, 0x0000000100000000)
  eden space 32768K, 100% used [0x00000000d5f00000,0x00000000d7f00000,0x00000000d7f00000)
  from space 5120K, 100% used [0x00000000d7f80000,0x00000000d8480000,0x00000000d8480000)
  to   space 14336K, 0% used [0x00000000d8d00000,0x00000000d8d00000,0x00000000d9b00000)
 ParOldGen       total 87552K, used 30644K [0x0000000081c00000, 0x0000000087180000, 0x00000000d5f00000)
  object space 87552K, 35% used [0x0000000081c00000,0x00000000839ed210,0x0000000087180000)
 Metaspace       used 9355K, capacity 9534K, committed 9728K, reserved 1058816K
  class space    used 1144K, capacity 1219K, committed 1280K, reserved 1048576K
Event: 5.983 GC heap after
Heap after GC invocations=6 (full 0):
 PSYoungGen      total 45568K, used 14320K [0x00000000d5f00000, 0x00000000d9d80000, 0x0000000100000000)
  eden space 31232K, 0% used [0x00000000d5f00000,0x00000000d5f00000,0x00000000d7d80000)
  from space 14336K, 99% used [0x00000000d8d00000,0x00000000d9afc010,0x00000000d9b00000)
  to   space 15872K, 0% used [0x00000000d7d80000,0x00000000d7d80000,0x00000000d8d00000)
 ParOldGen       total 87552K, used 30988K [0x0000000081c00000, 0x0000000087180000, 0x00000000d5f00000)
  object space 87552K, 35% used [0x0000000081c00000,0x0000000083a43250,0x0000000087180000)
 Metaspace       used 9355K, capacity 9534K, committed 9728K, reserved 1058816K
  class space    used 1144K, capacity 1219K, committed 1280K, reserved 1048576K
}
Event: 6.477 GC heap before
{Heap before GC invocations=7 (full 0):
 PSYoungGen      total 45568K, used 45552K [0x00000000d5f00000, 0x00000000d9d80000, 0x0000000100000000)
  eden space 31232K, 100% used [0x00000000d5f00000,0x00000000d7d80000,0x00000000d7d80000)
  from space 14336K, 99% used [0x00000000d8d00000,0x00000000d9afc010,0x00000000d9b00000)
  to   space 15872K, 0% used [0x00000000d7d80000,0x00000000d7d80000,0x00000000d8d00000)
 ParOldGen       total 87552K, used 30988K [0x0000000081c00000, 0x0000000087180000, 0x00000000d5f00000)
  object space 87552K, 35% used [0x0000000081c00000,0x0000000083a43250,0x0000000087180000)
 Metaspace       used 9355K, capacity 9534K, committed 9728K, reserved 1058816K
  class space    used 1144K, capacity 1219K, committed 1280K, reserved 1048576K
Event: 6.484 GC heap after
Heap after GC invocations=7 (full 0):
 PSYoungGen      total 47104K, used 15872K [0x00000000d5f00000, 0x00000000d9d80000, 0x0000000100000000)
  eden space 31232K, 0% used [0x00000000d5f00000,0x00000000d5f00000,0x00000000d7d80000)
  from space 15872K, 100% used [0x00000000d7d80000,0x00000000d8d00000,0x00000000d8d00000)
  to   space 14336K, 0% used [0x00000000d8d00000,0x00000000d8d00000,0x00000000d9b00000)
 ParOldGen       total 87552K, used 36703K [0x0000000081c00000, 0x0000000087180000, 0x00000000d5f00000)
  object space 87552K, 41% used [0x0000000081c00000,0x0000000083fd7fa0,0x0000000087180000)
 Metaspace       used 9355K, capacity 9534K, committed 9728K, reserved 1058816K
  class space    used 1144K, capacity 1219K, committed 1280K, reserved 1048576K
}
Event: 6.959 GC heap before
{Heap before GC invocations=8 (full 0):
 PSYoungGen      total 47104K, used 47104K [0x00000000d5f00000, 0x00000000d9d80000, 0x0000000100000000)
  eden space 31232K, 100% used [0x00000000d5f00000,0x00000000d7d80000,0x00000000d7d80000)
  from space 15872K, 100% used [0x00000000d7d80000,0x00000000d8d00000,0x00000000d8d00000)
  to   space 14336K, 0% used [0x00000000d8d00000,0x00000000d8d00000,0x00000000d9b00000)
 ParOldGen       total 87552K, used 36703K [0x0000000081c00000, 0x0000000087180000, 0x00000000d5f00000)
  object space 87552K, 41% used [0x0000000081c00000,0x0000000083fd7fa0,0x0000000087180000)
 Metaspace       used 9356K, capacity 9534K, committed 9728K, reserved 1058816K
  class space    used 1144K, capacity 1219K, committed 1280K, reserved 1048576K
Event: 6.967 GC heap after
Heap after GC invocations=8 (full 0):
 PSYoungGen      total 45568K, used 14336K [0x00000000d5f00000, 0x00000000d9d80000, 0x0000000100000000)
  eden space 31232K, 0% used [0x00000000d5f00000,0x00000000d5f00000,0x00000000d7d80000)
  from space 14336K, 100% used [0x00000000d8d00000,0x00000000d9b00000,0x00000000d9b00000)
  to   space 15872K, 0% used [0x00000000d7d80000,0x00000000d7d80000,0x00000000d8d00000)
 ParOldGen       total 87552K, used 46201K [0x0000000081c00000, 0x0000000087180000, 0x00000000d5f00000)
  object space 87552K, 52% used [0x0000000081c00000,0x000000008491e5a0,0x0000000087180000)
 Metaspace       used 9356K, capacity 9534K, committed 9728K, reserved 1058816K
  class space    used 1144K, capacity 1219K, committed 1280K, reserved 1048576K
}
Event: 7.416 GC heap before
{Heap before GC invocations=9 (full 0):
 PSYoungGen      total 45568K, used 45568K [0x00000000d5f00000, 0x00000000d9d80000, 0x0000000100000000)
  eden space 31232K, 100% used [0x00000000d5f00000,0x00000000d7d80000,0x00000000d7d80000)
  from space 14336K, 100% used [0x00000000d8d00000,0x00000000d9b00000,0x00000000d9b00000)
  to   space 15872K, 0% used [0x00000000d7d80000,0x00000000d7d80000,0x00000000d8d00000)
 ParOldGen       total 87552K, used 46201K [0x0000000081c00000, 0x0000000087180000, 0x00000000d5f00000)
  object space 87552K, 52% used [0x0000000081c00000,0x000000008491e5a0,0x0000000087180000)
 Metaspace       used 9357K, capacity 9534K, committed 9728K, reserved 1058816K
  class space    used 1144K, capacity 1219K, committed 1280K, reserved 1048576K
Event: 7.422 GC heap after
Heap after GC invocations=9 (full 0):
 PSYoungGen      total 47104K, used 15872K [0x00000000d5f00000, 0x00000000d9d80000, 0x0000000100000000)
  eden space 31232K, 0% used [0x00000000d5f00000,0x00000000d5f00000,0x00000000d7d80000)
  from space 15872K, 100% used [0x00000000d7d80000,0x00000000d8d00000,0x00000000d8d00000)
  to   space 14336K, 0% used [0x00000000d8d00000,0x00000000d8d00000,0x00000000d9b00000)
 ParOldGen       total 87552K, used 51850K [0x0000000081c00000, 0x0000000087180000, 0x00000000d5f00000)
  object space 87552K, 59% used [0x0000000081c00000,0x0000000084ea2960,0x0000000087180000)
 Metaspace       used 9357K, capacity 9534K, committed 9728K, reserved 1058816K
  class space    used 1144K, capacity 1219K, committed 1280K, reserved 1048576K
}

